<?xml version="1.0" encoding="UTF-8"?>
<!-- Generated by org.testng.reporters.JUnitReportReporter -->
<testsuite hostname="Sutinee-PC" name="com.stta.SuiteTwo.SuiteTwoCaseOne" tests="2" failures="0" timestamp="24 Jul 2016 14:18:33 GMT" time="0.001" errors="2">
  <testcase name="SuiteTwoCaseOneTest" time="0.001" classname="com.stta.SuiteTwo.SuiteTwoCaseOne"/>
  <testcase name="SuiteTwoCaseOneTest" time="0.000" classname="com.stta.SuiteTwo.SuiteTwoCaseOne"/>
</testsuite> <!-- com.stta.SuiteTwo.SuiteTwoCaseOne -->
